[     160ms] [INFO] %cDownload the React DevTools for a better development experience: https://react.dev/link/react-devtools font-weight:bold @ http://localhost:3000/_next/static/chunks/node_modules_next_dist_7a8122d0._.js:2320
[     232ms] [LOG] [HMR] connected @ http://localhost:3000/_next/static/chunks/node_modules_next_dist_7a8122d0._.js:2320
[   85041ms] [LOG] [Fast Refresh] rebuilding @ http://localhost:3000/_next/static/chunks/node_modules_next_dist_7a8122d0._.js:2320
[   85065ms] [LOG] [Fast Refresh] done in 124ms @ http://localhost:3000/_next/static/chunks/node_modules_next_dist_7a8122d0._.js:2320
[  459437ms] [ERROR] WebSocket connection to 'ws://localhost:3000/_next/webpack-hmr?id=ZoPI7AndPNfdzOD2j89Ud' failed: Error in connection establishment: net::ERR_CONNECTION_REFUSED @ http://localhost:3000/_next/static/chunks/node_modules_next_dist_client_7e53bbbd._.js:9859
[  460454ms] [ERROR] WebSocket connection to 'ws://localhost:3000/_next/webpack-hmr?id=ZoPI7AndPNfdzOD2j89Ud' failed: Error in connection establishment: net::ERR_CONNECTION_REFUSED @ http://localhost:3000/_next/static/chunks/node_modules_next_dist_client_7e53bbbd._.js:9859
[  461471ms] [ERROR] WebSocket connection to 'ws://localhost:3000/_next/webpack-hmr?id=ZoPI7AndPNfdzOD2j89Ud' failed: Error in connection establishment: net::ERR_CONNECTION_REFUSED @ http://localhost:3000/_next/static/chunks/node_modules_next_dist_client_7e53bbbd._.js:9859
[  462479ms] [ERROR] WebSocket connection to 'ws://localhost:3000/_next/webpack-hmr?id=ZoPI7AndPNfdzOD2j89Ud' failed: Error in connection establishment: net::ERR_CONNECTION_REFUSED @ http://localhost:3000/_next/static/chunks/node_modules_next_dist_client_7e53bbbd._.js:9859
[  463484ms] [ERROR] WebSocket connection to 'ws://localhost:3000/_next/webpack-hmr?id=ZoPI7AndPNfdzOD2j89Ud' failed: Error in connection establishment: net::ERR_CONNECTION_REFUSED @ http://localhost:3000/_next/static/chunks/node_modules_next_dist_client_7e53bbbd._.js:9859
[  468499ms] [ERROR] WebSocket connection to 'ws://localhost:3000/_next/webpack-hmr?id=ZoPI7AndPNfdzOD2j89Ud' failed: Error in connection establishment: net::ERR_CONNECTION_REFUSED @ http://localhost:3000/_next/static/chunks/node_modules_next_dist_client_7e53bbbd._.js:9859
[  473515ms] [ERROR] WebSocket connection to 'ws://localhost:3000/_next/webpack-hmr?id=ZoPI7AndPNfdzOD2j89Ud' failed: Error in connection establishment: net::ERR_CONNECTION_REFUSED @ http://localhost:3000/_next/static/chunks/node_modules_next_dist_client_7e53bbbd._.js:9859
[  478531ms] [ERROR] WebSocket connection to 'ws://localhost:3000/_next/webpack-hmr?id=ZoPI7AndPNfdzOD2j89Ud' failed: Error in connection establishment: net::ERR_CONNECTION_REFUSED @ http://localhost:3000/_next/static/chunks/node_modules_next_dist_client_7e53bbbd._.js:9859
[  483577ms] [ERROR] WebSocket connection to 'ws://localhost:3000/_next/webpack-hmr?id=ZoPI7AndPNfdzOD2j89Ud' failed: Error in connection establishment: net::ERR_CONNECTION_REFUSED @ http://localhost:3000/_next/static/chunks/node_modules_next_dist_client_7e53bbbd._.js:9859
[  488618ms] [ERROR] WebSocket connection to 'ws://localhost:3000/_next/webpack-hmr?id=ZoPI7AndPNfdzOD2j89Ud' failed: Error in connection establishment: net::ERR_CONNECTION_REFUSED @ http://localhost:3000/_next/static/chunks/node_modules_next_dist_client_7e53bbbd._.js:9859
[  493746ms] [ERROR] WebSocket connection to 'ws://localhost:3000/_next/webpack-hmr?id=ZoPI7AndPNfdzOD2j89Ud' failed: Error in connection establishment: net::ERR_CONNECTION_REFUSED @ http://localhost:3000/_next/static/chunks/node_modules_next_dist_client_7e53bbbd._.js:9859
[  498921ms] [ERROR] WebSocket connection to 'ws://localhost:3000/_next/webpack-hmr?id=ZoPI7AndPNfdzOD2j89Ud' failed: Error in connection establishment: net::ERR_CONNECTION_REFUSED @ http://localhost:3000/_next/static/chunks/node_modules_next_dist_client_7e53bbbd._.js:9859
[  595167ms] [INFO] %cDownload the React DevTools for a better development experience: https://react.dev/link/react-devtools font-weight:bold @ http://localhost:3000/_next/static/chunks/node_modules_next_dist_7a8122d0._.js:2320
[  595235ms] [LOG] [HMR] connected @ http://localhost:3000/_next/static/chunks/node_modules_next_dist_7a8122d0._.js:2320
[  595330ms] Error: Hydration failed because the server rendered HTML didn't match the client. As a result this tree will be regenerated on the client. This can happen if a SSR-ed Client Component used:

- A server/client branch `if (typeof window !== 'undefined')`.
- Variable input such as `Date.now()` or `Math.random()` which changes each time it's called.
- Date formatting in a user's locale which doesn't match the server.
- External changing data without sending a snapshot of it along with the HTML.
- Invalid HTML tag nesting.

It can also happen if the client has a browser extension installed which messes with the HTML before React loaded.

https://react.dev/link/hydration-mismatch

  ...
    <RedirectErrorBoundary router={{...}}>
      <InnerLayoutRouter url="/lab/" tree={[...]} params={{}} cacheNode={{lazyData:null, ...}} segmentPath={[...]} ...>
        <SegmentViewNode type="page" pagePath="lab/page.tsx">
          <SegmentTrieNode>
          <ClientPageRoot Component={function LabPage} serverProvidedParams={{...}}>
            <LabPage params={Promise} searchParams={Promise}>
              <div data-reduce-motion={undefined} className="flex h-[10...">
                <LabTopNav>
                <div className="flex min-h...">
                  <LessonSidebar>
                    <aside className="fixed inse...">
                      <div>
                      <div>
                      <div className="flex-1 ove...">
                        <div className="space-y-1">
                          <button>
                          <div>
                          <button disabled={false} onClick={function onClick} className="group flex...">
                            <span className="flex size-...">
                              <span
+                               aria-label="Completed"
-                               aria-label="Active"
+                               className="text-emerald-400"
-                               className="text-brand"
                              >
                                <CircleCheck className="size-4">
                                  <svg
                                    ref={null}
                                    xmlns="http://www.w3.org/2000/svg"
                                    width={24}
                                    height={24}
                                    viewBox="0 0 24 24"
                                    fill="none"
                                    stroke="currentColor"
                                    strokeWidth={2}
                                    strokeLinecap="round"
                                    strokeLinejoin="round"
+                                   className="lucide lucide-circle-check size-4"
-                                   className="lucide lucide-play size-3.5"
                                  >
+                                   <circle cx="12" cy="12" r="10">
-                                   <polygon points="6 3 20 12 6 21 6 3">
                                    ...
                            ...
                          ...
                      ...
                  ...
                ...
        ...
      ...

    at throwOnHydrationMismatch (http://localhost:3000/_next/static/chunks/node_modules_next_dist_compiled_react-dom_1e674e59._.js:3342:56)
    at beginWork (http://localhost:3000/_next/static/chunks/node_modules_next_dist_compiled_react-dom_1e674e59._.js:6752:918)
    at runWithFiberInDEV (http://localhost:3000/_next/static/chunks/node_modules_next_dist_compiled_react-dom_1e674e59._.js:959:74)
    at performUnitOfWork (http://localhost:3000/_next/static/chunks/node_modules_next_dist_compiled_react-dom_1e674e59._.js:9501:97)
    at workLoopConcurrentByScheduler (http://localhost:3000/_next/static/chunks/node_modules_next_dist_compiled_react-dom_1e674e59._.js:9497:58)
    at renderRootConcurrent (http://localhost:3000/_next/static/chunks/node_modules_next_dist_compiled_react-dom_1e674e59._.js:9480:71)
    at performWorkOnRoot (http://localhost:3000/_next/static/chunks/node_modules_next_dist_compiled_react-dom_1e674e59._.js:9007:150)
    at performWorkOnRootViaSchedulerTask (http://localhost:3000/_next/static/chunks/node_modules_next_dist_compiled_react-dom_1e674e59._.js:10169:9)
    at MessagePort.performWorkUntilDeadline (http://localhost:3000/_next/static/chunks/node_modules_next_dist_compiled_a0e4c7b4._.js:2647:64)
[  604760ms] [LOG] [Fast Refresh] rebuilding @ http://localhost:3000/_next/static/chunks/node_modules_next_dist_7a8122d0._.js:2320
[  604937ms] [LOG] [Fast Refresh] done in 277ms @ http://localhost:3000/_next/static/chunks/node_modules_next_dist_7a8122d0._.js:2320
[  685400ms] [LOG] [Fast Refresh] rebuilding @ http://localhost:3000/_next/static/chunks/node_modules_next_dist_7a8122d0._.js:2320
[  685636ms] [LOG] [Fast Refresh] done in 251ms @ http://localhost:3000/_next/static/chunks/node_modules_next_dist_7a8122d0._.js:2320
[  717355ms] [LOG] [Fast Refresh] rebuilding @ http://localhost:3000/_next/static/chunks/node_modules_next_dist_7a8122d0._.js:2320
[  717520ms] [LOG] [Fast Refresh] done in 242ms @ http://localhost:3000/_next/static/chunks/node_modules_next_dist_7a8122d0._.js:2320
