[     130ms] [INFO] %cDownload the React DevTools for a better development experience: https://react.dev/link/react-devtools font-weight:bold @ http://localhost:3000/_next/static/chunks/node_modules_next_dist_7a8122d0._.js:2320
[     200ms] [LOG] [HMR] connected @ http://localhost:3000/_next/static/chunks/node_modules_next_dist_7a8122d0._.js:2320
[  149598ms] [LOG] [Fast Refresh] rebuilding @ http://localhost:3000/_next/static/chunks/node_modules_next_dist_7a8122d0._.js:2320
[  149855ms] [LOG] [Fast Refresh] done in 291ms @ http://localhost:3000/_next/static/chunks/node_modules_next_dist_7a8122d0._.js:2320
[  236636ms] [LOG] [Fast Refresh] rebuilding @ http://localhost:3000/_next/static/chunks/node_modules_next_dist_7a8122d0._.js:2320
[  236812ms] [LOG] [Fast Refresh] done in 249ms @ http://localhost:3000/_next/static/chunks/node_modules_next_dist_7a8122d0._.js:2320
[  252722ms] [LOG] [Fast Refresh] rebuilding @ http://localhost:3000/_next/static/chunks/node_modules_next_dist_7a8122d0._.js:2320
[  252905ms] [LOG] [Fast Refresh] done in 257ms @ http://localhost:3000/_next/static/chunks/node_modules_next_dist_7a8122d0._.js:2320
[  403431ms] [LOG] [Fast Refresh] rebuilding @ http://localhost:3000/_next/static/chunks/node_modules_next_dist_7a8122d0._.js:2320
[  404054ms] [LOG] [Fast Refresh] done in 725ms @ http://localhost:3000/_next/static/chunks/node_modules_next_dist_7a8122d0._.js:2320
[  404156ms] [LOG] [Fast Refresh] rebuilding @ http://localhost:3000/_next/static/chunks/node_modules_next_dist_7a8122d0._.js:2320
[  404229ms] [LOG] [Fast Refresh] done in 174ms @ http://localhost:3000/_next/static/chunks/node_modules_next_dist_7a8122d0._.js:2320
[  516398ms] [LOG] [Fast Refresh] rebuilding @ http://localhost:3000/_next/static/chunks/node_modules_next_dist_7a8122d0._.js:2320
[  516565ms] [LOG] [Fast Refresh] done in 268ms @ http://localhost:3000/_next/static/chunks/node_modules_next_dist_7a8122d0._.js:2320
[  590325ms] [LOG] [Fast Refresh] rebuilding @ http://localhost:3000/_next/static/chunks/node_modules_next_dist_7a8122d0._.js:2320
[  590481ms] [LOG] [Fast Refresh] done in 257ms @ http://localhost:3000/_next/static/chunks/node_modules_next_dist_7a8122d0._.js:2320
[  615222ms] [LOG] [Fast Refresh] rebuilding @ http://localhost:3000/_next/static/chunks/node_modules_next_dist_7a8122d0._.js:2320
[  615457ms] [LOG] [Fast Refresh] done in 263ms @ http://localhost:3000/_next/static/chunks/node_modules_next_dist_7a8122d0._.js:2320
[  622145ms] [LOG] [Fast Refresh] rebuilding @ http://localhost:3000/_next/static/chunks/node_modules_next_dist_7a8122d0._.js:2320
[  622297ms] [LOG] [Fast Refresh] done in 253ms @ http://localhost:3000/_next/static/chunks/node_modules_next_dist_7a8122d0._.js:2320
[  627264ms] [LOG] [Fast Refresh] rebuilding @ http://localhost:3000/_next/static/chunks/node_modules_next_dist_7a8122d0._.js:2320
[  627391ms] [ERROR] The final argument passed to %s changed size between renders. The order and size of this array must remain constant.

Previous: %s
Incoming: %s useEffect [hello-triangle, ::] [hello-triangle, ::, 0] @ http://localhost:3000/_next/static/chunks/node_modules_next_dist_7a8122d0._.js:3150
[  627420ms] [LOG] [Fast Refresh] done in 225ms @ http://localhost:3000/_next/static/chunks/node_modules_next_dist_7a8122d0._.js:2320
[  634348ms] [LOG] [Fast Refresh] rebuilding @ http://localhost:3000/_next/static/chunks/node_modules_next_dist_7a8122d0._.js:2320
[  634508ms] [LOG] [Fast Refresh] done in 235ms @ http://localhost:3000/_next/static/chunks/node_modules_next_dist_7a8122d0._.js:2320
[  668437ms] [LOG] [Fast Refresh] rebuilding @ http://localhost:3000/_next/static/chunks/node_modules_next_dist_7a8122d0._.js:2320
[  668645ms] [LOG] [Fast Refresh] done in 262ms @ http://localhost:3000/_next/static/chunks/node_modules_next_dist_7a8122d0._.js:2320
[  673584ms] [LOG] [Fast Refresh] rebuilding @ http://localhost:3000/_next/static/chunks/node_modules_next_dist_7a8122d0._.js:2320
[  673745ms] [LOG] [Fast Refresh] done in 234ms @ http://localhost:3000/_next/static/chunks/node_modules_next_dist_7a8122d0._.js:2320
[  691492ms] [LOG] [Fast Refresh] rebuilding @ http://localhost:3000/_next/static/chunks/node_modules_next_dist_7a8122d0._.js:2320
[  691668ms] [LOG] [Fast Refresh] done in 249ms @ http://localhost:3000/_next/static/chunks/node_modules_next_dist_7a8122d0._.js:2320
[  703163ms] [LOG] [Fast Refresh] rebuilding @ http://localhost:3000/_next/static/chunks/node_modules_next_dist_7a8122d0._.js:2320
[  703384ms] [ERROR] ./app/lab/page.tsx:12:1
Module not found: Can't resolve '@/components/lab/panels/geometry-lab-panel'
  10 | import { GpuInspectorPanel } from "@/components/lab/panels/gpu-inspector-panel";
  11 | import { ShaderPlaygroundPanel } from "@/components/lab/panels/shader-playground-panel";
> 12 | import { GeometryLabPanel } from "@/components/lab/panels/geometry-lab-panel";
     | ^^^^^^^^^^^^^^^^^^^^^^^^^^^^^^^^^^^^^^^^^^^^^^^^^^^^^^^^^^^^^^^^^^^^^^^^^^^^^^
  13 | import { MatrixLabPanel } from "@/components/lab/panels/matrix-lab-panel";
  14 | import { LightingLabPanel } from "@/components/lab/panels/lighting-lab-panel";
  15 | import { TexturesLabPanel } from "@/components/lab/panels/textures-lab-panel";

Import map: aliased to relative './components/lab/panels/geometry-lab-panel' inside of [project]/

Import traces:
  Client Component Browser:
    ./app/lab/page.tsx [Client Component Browser]
    ./app/lab/page.tsx [Server Component]

  Client Component SSR:
    ./app/lab/page.tsx [Client Component SSR]
    ./app/lab/page.tsx [Server Component]

https://nextjs.org/docs/messages/module-not-found @ http://localhost:3000/_next/static/chunks/node_modules_next_dist_7a8122d0._.js:3150
[  814566ms] [LOG] [Fast Refresh] rebuilding @ http://localhost:3000/_next/static/chunks/node_modules_next_dist_7a8122d0._.js:2320
[  814900ms] [LOG] [Fast Refresh] done in 425ms @ http://localhost:3000/_next/static/chunks/node_modules_next_dist_7a8122d0._.js:2320
[  815068ms] [LOG] [Fast Refresh] rebuilding @ http://localhost:3000/_next/static/chunks/node_modules_next_dist_7a8122d0._.js:2320
[  815098ms] [LOG] [Fast Refresh] done in 132ms @ http://localhost:3000/_next/static/chunks/node_modules_next_dist_7a8122d0._.js:2320
[  823392ms] [LOG] [Fast Refresh] rebuilding @ http://localhost:3000/_next/static/chunks/node_modules_next_dist_7a8122d0._.js:2320
[  823580ms] [LOG] [Fast Refresh] done in 264ms @ http://localhost:3000/_next/static/chunks/node_modules_next_dist_7a8122d0._.js:2320
[  861276ms] [LOG] [Fast Refresh] rebuilding @ http://localhost:3000/_next/static/chunks/node_modules_next_dist_7a8122d0._.js:2320
[  861527ms] [LOG] [Fast Refresh] done in 325ms @ http://localhost:3000/_next/static/chunks/node_modules_next_dist_7a8122d0._.js:2320
[  866308ms] [LOG] [Fast Refresh] rebuilding @ http://localhost:3000/_next/static/chunks/node_modules_next_dist_7a8122d0._.js:2320
[  866455ms] [LOG] [Fast Refresh] done in 247ms @ http://localhost:3000/_next/static/chunks/node_modules_next_dist_7a8122d0._.js:2320
[  890773ms] [LOG] [Fast Refresh] rebuilding @ http://localhost:3000/_next/static/chunks/node_modules_next_dist_7a8122d0._.js:2320
[  891056ms] [LOG] [Fast Refresh] done in 337ms @ http://localhost:3000/_next/static/chunks/node_modules_next_dist_7a8122d0._.js:2320
[  897612ms] [LOG] [Fast Refresh] rebuilding @ http://localhost:3000/_next/static/chunks/node_modules_next_dist_7a8122d0._.js:2320
[  897809ms] [LOG] [Fast Refresh] done in 278ms @ http://localhost:3000/_next/static/chunks/node_modules_next_dist_7a8122d0._.js:2320
[  907768ms] [LOG] [Fast Refresh] rebuilding @ http://localhost:3000/_next/static/chunks/node_modules_next_dist_7a8122d0._.js:2320
[  907986ms] [LOG] [Fast Refresh] done in 294ms @ http://localhost:3000/_next/static/chunks/node_modules_next_dist_7a8122d0._.js:2320
[  918784ms] [LOG] [Fast Refresh] rebuilding @ http://localhost:3000/_next/static/chunks/node_modules_next_dist_7a8122d0._.js:2320
[  918981ms] [LOG] [Fast Refresh] done in 273ms @ http://localhost:3000/_next/static/chunks/node_modules_next_dist_7a8122d0._.js:2320
[  940677ms] [LOG] [Fast Refresh] rebuilding @ http://localhost:3000/_next/static/chunks/node_modules_next_dist_7a8122d0._.js:2320
[  940683ms] [LOG] [Fast Refresh] done in 108ms @ http://localhost:3000/_next/static/chunks/node_modules_next_dist_7a8122d0._.js:2320
[  950979ms] [LOG] [Fast Refresh] rebuilding @ http://localhost:3000/_next/static/chunks/node_modules_next_dist_7a8122d0._.js:2320
[  951206ms] [LOG] [Fast Refresh] done in 300ms @ http://localhost:3000/_next/static/chunks/node_modules_next_dist_7a8122d0._.js:2320
[ 1009243ms] [ERROR] WebSocket connection to 'ws://localhost:3000/_next/webpack-hmr?id=ARrhglOTxZ95QJECioNm0' failed: Error in connection establishment: net::ERR_CONNECTION_REFUSED @ http://localhost:3000/_next/static/chunks/node_modules_next_dist_client_7e53bbbd._.js:9859
[ 1010245ms] [ERROR] WebSocket connection to 'ws://localhost:3000/_next/webpack-hmr?id=ARrhglOTxZ95QJECioNm0' failed: Error in connection establishment: net::ERR_CONNECTION_REFUSED @ http://localhost:3000/_next/static/chunks/node_modules_next_dist_client_7e53bbbd._.js:9859
[ 1011248ms] [ERROR] WebSocket connection to 'ws://localhost:3000/_next/webpack-hmr?id=ARrhglOTxZ95QJECioNm0' failed: Error in connection establishment: net::ERR_CONNECTION_REFUSED @ http://localhost:3000/_next/static/chunks/node_modules_next_dist_client_7e53bbbd._.js:9859
[ 1012250ms] [ERROR] WebSocket connection to 'ws://localhost:3000/_next/webpack-hmr?id=ARrhglOTxZ95QJECioNm0' failed: Error in connection establishment: net::ERR_CONNECTION_REFUSED @ http://localhost:3000/_next/static/chunks/node_modules_next_dist_client_7e53bbbd._.js:9859
[ 1013259ms] [LOG] [HMR] connected @ http://localhost:3000/_next/static/chunks/node_modules_next_dist_7a8122d0._.js:2320
[ 1019064ms] [INFO] %cDownload the React DevTools for a better development experience: https://react.dev/link/react-devtools font-weight:bold @ http://localhost:3000/_next/static/chunks/node_modules_next_dist_7a8122d0._.js:2320
[ 1019112ms] [LOG] [HMR] connected @ http://localhost:3000/_next/static/chunks/node_modules_next_dist_7a8122d0._.js:2320
[ 1019504ms] [LOG] [Fast Refresh] rebuilding @ http://localhost:3000/_next/static/chunks/node_modules_next_dist_7a8122d0._.js:2320
[ 1019643ms] [LOG] [Fast Refresh] done in 240ms @ http://localhost:3000/_next/static/chunks/node_modules_next_dist_7a8122d0._.js:2320
[ 1019819ms] [LOG] [Fast Refresh] rebuilding @ http://localhost:3000/_next/static/chunks/node_modules_next_dist_7a8122d0._.js:2320
[ 1019884ms] [LOG] [Fast Refresh] done in 165ms @ http://localhost:3000/_next/static/chunks/node_modules_next_dist_7a8122d0._.js:2320
[ 1045799ms] [LOG] [Fast Refresh] rebuilding @ http://localhost:3000/_next/static/chunks/node_modules_next_dist_7a8122d0._.js:2320
[ 1046095ms] [LOG] [Fast Refresh] done in 363ms @ http://localhost:3000/_next/static/chunks/node_modules_next_dist_7a8122d0._.js:2320
[ 1098276ms] [ERROR] WebSocket connection to 'ws://localhost:3000/_next/webpack-hmr?id=wn6Uf84V0u05wfJBhKK9G' failed: Error in connection establishment: net::ERR_CONNECTION_REFUSED @ http://localhost:3000/_next/static/chunks/node_modules_next_dist_client_7e53bbbd._.js:9859
[ 1099278ms] [ERROR] WebSocket connection to 'ws://localhost:3000/_next/webpack-hmr?id=wn6Uf84V0u05wfJBhKK9G' failed: Error in connection establishment: net::ERR_CONNECTION_REFUSED @ http://localhost:3000/_next/static/chunks/node_modules_next_dist_client_7e53bbbd._.js:9859
[ 1100280ms] [ERROR] WebSocket connection to 'ws://localhost:3000/_next/webpack-hmr?id=wn6Uf84V0u05wfJBhKK9G' failed: Error in connection establishment: net::ERR_CONNECTION_REFUSED @ http://localhost:3000/_next/static/chunks/node_modules_next_dist_client_7e53bbbd._.js:9859
[ 1101285ms] [ERROR] WebSocket connection to 'ws://localhost:3000/_next/webpack-hmr?id=wn6Uf84V0u05wfJBhKK9G' failed: Error in connection establishment: net::ERR_CONNECTION_REFUSED @ http://localhost:3000/_next/static/chunks/node_modules_next_dist_client_7e53bbbd._.js:9859
[ 1102288ms] [ERROR] WebSocket connection to 'ws://localhost:3000/_next/webpack-hmr?id=wn6Uf84V0u05wfJBhKK9G' failed: Error in connection establishment: net::ERR_CONNECTION_REFUSED @ http://localhost:3000/_next/static/chunks/node_modules_next_dist_client_7e53bbbd._.js:9859
[ 1107291ms] [ERROR] WebSocket connection to 'ws://localhost:3000/_next/webpack-hmr?id=wn6Uf84V0u05wfJBhKK9G' failed: Error in connection establishment: net::ERR_CONNECTION_REFUSED @ http://localhost:3000/_next/static/chunks/node_modules_next_dist_client_7e53bbbd._.js:9859
[ 1112294ms] [ERROR] WebSocket connection to 'ws://localhost:3000/_next/webpack-hmr?id=wn6Uf84V0u05wfJBhKK9G' failed: Error in connection establishment: net::ERR_CONNECTION_REFUSED @ http://localhost:3000/_next/static/chunks/node_modules_next_dist_client_7e53bbbd._.js:9859
[ 1117301ms] [ERROR] WebSocket connection to 'ws://localhost:3000/_next/webpack-hmr?id=wn6Uf84V0u05wfJBhKK9G' failed: Error in connection establishment: net::ERR_CONNECTION_REFUSED @ http://localhost:3000/_next/static/chunks/node_modules_next_dist_client_7e53bbbd._.js:9859
[ 1122302ms] [ERROR] WebSocket connection to 'ws://localhost:3000/_next/webpack-hmr?id=wn6Uf84V0u05wfJBhKK9G' failed: Error in connection establishment: net::ERR_CONNECTION_REFUSED @ http://localhost:3000/_next/static/chunks/node_modules_next_dist_client_7e53bbbd._.js:9859
[ 1127307ms] [ERROR] WebSocket connection to 'ws://localhost:3000/_next/webpack-hmr?id=wn6Uf84V0u05wfJBhKK9G' failed: Error in connection establishment: net::ERR_CONNECTION_REFUSED @ http://localhost:3000/_next/static/chunks/node_modules_next_dist_client_7e53bbbd._.js:9859
[ 1132311ms] [ERROR] WebSocket connection to 'ws://localhost:3000/_next/webpack-hmr?id=wn6Uf84V0u05wfJBhKK9G' failed: Error in connection establishment: net::ERR_CONNECTION_REFUSED @ http://localhost:3000/_next/static/chunks/node_modules_next_dist_client_7e53bbbd._.js:9859
[ 1137317ms] [ERROR] WebSocket connection to 'ws://localhost:3000/_next/webpack-hmr?id=wn6Uf84V0u05wfJBhKK9G' failed: Error in connection establishment: net::ERR_CONNECTION_REFUSED @ http://localhost:3000/_next/static/chunks/node_modules_next_dist_client_7e53bbbd._.js:9859
[ 1173809ms] [INFO] %cDownload the React DevTools for a better development experience: https://react.dev/link/react-devtools font-weight:bold @ http://localhost:3000/_next/static/chunks/node_modules_next_dist_7a8122d0._.js:2320
[ 1173877ms] [LOG] [HMR] connected @ http://localhost:3000/_next/static/chunks/node_modules_next_dist_7a8122d0._.js:2320
[ 1250296ms] [ERROR] WebSocket connection to 'ws://localhost:3000/_next/webpack-hmr?id=JFkPY8wgtud6LJ9TCLAbK' failed: Error in connection establishment: net::ERR_CONNECTION_REFUSED @ http://localhost:3000/_next/static/chunks/node_modules_next_dist_client_7e53bbbd._.js:9859
[ 1251298ms] [ERROR] WebSocket connection to 'ws://localhost:3000/_next/webpack-hmr?id=JFkPY8wgtud6LJ9TCLAbK' failed: Error in connection establishment: net::ERR_CONNECTION_REFUSED @ http://localhost:3000/_next/static/chunks/node_modules_next_dist_client_7e53bbbd._.js:9859
[ 1252301ms] [ERROR] WebSocket connection to 'ws://localhost:3000/_next/webpack-hmr?id=JFkPY8wgtud6LJ9TCLAbK' failed: Error in connection establishment: net::ERR_CONNECTION_REFUSED @ http://localhost:3000/_next/static/chunks/node_modules_next_dist_client_7e53bbbd._.js:9859
[ 1253304ms] [ERROR] WebSocket connection to 'ws://localhost:3000/_next/webpack-hmr?id=JFkPY8wgtud6LJ9TCLAbK' failed: Error in connection establishment: net::ERR_CONNECTION_REFUSED @ http://localhost:3000/_next/static/chunks/node_modules_next_dist_client_7e53bbbd._.js:9859
[ 1254308ms] [ERROR] WebSocket connection to 'ws://localhost:3000/_next/webpack-hmr?id=JFkPY8wgtud6LJ9TCLAbK' failed: Error in connection establishment: net::ERR_CONNECTION_REFUSED @ http://localhost:3000/_next/static/chunks/node_modules_next_dist_client_7e53bbbd._.js:9859
[ 1259310ms] [ERROR] WebSocket connection to 'ws://localhost:3000/_next/webpack-hmr?id=JFkPY8wgtud6LJ9TCLAbK' failed: Error in connection establishment: net::ERR_CONNECTION_REFUSED @ http://localhost:3000/_next/static/chunks/node_modules_next_dist_client_7e53bbbd._.js:9859
[ 1264314ms] [ERROR] WebSocket connection to 'ws://localhost:3000/_next/webpack-hmr?id=JFkPY8wgtud6LJ9TCLAbK' failed: Error in connection establishment: net::ERR_CONNECTION_REFUSED @ http://localhost:3000/_next/static/chunks/node_modules_next_dist_client_7e53bbbd._.js:9859
[ 1269318ms] [ERROR] WebSocket connection to 'ws://localhost:3000/_next/webpack-hmr?id=JFkPY8wgtud6LJ9TCLAbK' failed: Error in connection establishment: net::ERR_CONNECTION_REFUSED @ http://localhost:3000/_next/static/chunks/node_modules_next_dist_client_7e53bbbd._.js:9859
[ 1274320ms] [ERROR] WebSocket connection to 'ws://localhost:3000/_next/webpack-hmr?id=JFkPY8wgtud6LJ9TCLAbK' failed: Error in connection establishment: net::ERR_CONNECTION_REFUSED @ http://localhost:3000/_next/static/chunks/node_modules_next_dist_client_7e53bbbd._.js:9859
[ 1279326ms] [ERROR] WebSocket connection to 'ws://localhost:3000/_next/webpack-hmr?id=JFkPY8wgtud6LJ9TCLAbK' failed: Error in connection establishment: net::ERR_CONNECTION_REFUSED @ http://localhost:3000/_next/static/chunks/node_modules_next_dist_client_7e53bbbd._.js:9859
[ 1284330ms] [ERROR] WebSocket connection to 'ws://localhost:3000/_next/webpack-hmr?id=JFkPY8wgtud6LJ9TCLAbK' failed: Error in connection establishment: net::ERR_CONNECTION_REFUSED @ http://localhost:3000/_next/static/chunks/node_modules_next_dist_client_7e53bbbd._.js:9859
[ 1289335ms] [ERROR] WebSocket connection to 'ws://localhost:3000/_next/webpack-hmr?id=JFkPY8wgtud6LJ9TCLAbK' failed: Error in connection establishment: net::ERR_CONNECTION_REFUSED @ http://localhost:3000/_next/static/chunks/node_modules_next_dist_client_7e53bbbd._.js:9859
[ 1689570ms] [INFO] %cDownload the React DevTools for a better development experience: https://react.dev/link/react-devtools font-weight:bold @ http://localhost:3000/_next/static/chunks/node_modules_next_dist_7a8122d0._.js:2320
[ 1689637ms] [LOG] [HMR] connected @ http://localhost:3000/_next/static/chunks/node_modules_next_dist_7a8122d0._.js:2320
[ 1722438ms] [LOG] [Fast Refresh] rebuilding @ http://localhost:3000/_next/static/chunks/node_modules_next_dist_7a8122d0._.js:2320
[ 1722451ms] [LOG] [Fast Refresh] done in 114ms @ http://localhost:3000/_next/static/chunks/node_modules_next_dist_7a8122d0._.js:2320
[ 1904745ms] [LOG] [Fast Refresh] rebuilding @ http://localhost:3000/_next/static/chunks/node_modules_next_dist_7a8122d0._.js:2320
[ 1905074ms] [LOG] [Fast Refresh] done in 431ms @ http://localhost:3000/_next/static/chunks/node_modules_next_dist_7a8122d0._.js:2320
[ 3485545ms] [LOG] [Fast Refresh] rebuilding @ http://localhost:3000/_next/static/chunks/node_modules_next_dist_7a8122d0._.js:2320
[ 3485991ms] [LOG] [Fast Refresh] done in 527ms @ http://localhost:3000/_next/static/chunks/node_modules_next_dist_7a8122d0._.js:2320
[ 3532635ms] [LOG] [Fast Refresh] rebuilding @ http://localhost:3000/_next/static/chunks/node_modules_next_dist_7a8122d0._.js:2320
[ 3532939ms] [LOG] [Fast Refresh] done in 381ms @ http://localhost:3000/_next/static/chunks/node_modules_next_dist_7a8122d0._.js:2320
[ 3608894ms] [LOG] [Fast Refresh] rebuilding @ http://localhost:3000/_next/static/chunks/node_modules_next_dist_7a8122d0._.js:2320
[ 3609140ms] [LOG] [Fast Refresh] done in 315ms @ http://localhost:3000/_next/static/chunks/node_modules_next_dist_7a8122d0._.js:2320
[ 4146758ms] [LOG] [Fast Refresh] rebuilding @ http://localhost:3000/_next/static/chunks/node_modules_next_dist_7a8122d0._.js:2320
[ 4147358ms] [LOG] [Fast Refresh] done in 550ms @ http://localhost:3000/_next/static/chunks/node_modules_next_dist_7a8122d0._.js:2320
[ 4196058ms] [LOG] [Fast Refresh] rebuilding @ http://localhost:3000/_next/static/chunks/node_modules_next_dist_7a8122d0._.js:2320
[ 4196285ms] [LOG] [Fast Refresh] done in 301ms @ http://localhost:3000/_next/static/chunks/node_modules_next_dist_7a8122d0._.js:2320
[ 4207408ms] [LOG] [Fast Refresh] rebuilding @ http://localhost:3000/_next/static/chunks/node_modules_next_dist_7a8122d0._.js:2320
[ 4207566ms] [LOG] [Fast Refresh] done in 258ms @ http://localhost:3000/_next/static/chunks/node_modules_next_dist_7a8122d0._.js:2320
[ 4241178ms] [LOG] [Fast Refresh] rebuilding @ http://localhost:3000/_next/static/chunks/node_modules_next_dist_7a8122d0._.js:2320
[ 4241384ms] [LOG] [Fast Refresh] done in 276ms @ http://localhost:3000/_next/static/chunks/node_modules_next_dist_7a8122d0._.js:2320
[ 4252588ms] [LOG] [Fast Refresh] rebuilding @ http://localhost:3000/_next/static/chunks/node_modules_next_dist_7a8122d0._.js:2320
[ 4252757ms] [LOG] [Fast Refresh] done in 270ms @ http://localhost:3000/_next/static/chunks/node_modules_next_dist_7a8122d0._.js:2320
[ 4283370ms] [LOG] [Fast Refresh] rebuilding @ http://localhost:3000/_next/static/chunks/node_modules_next_dist_7a8122d0._.js:2320
[ 4283584ms] [LOG] [Fast Refresh] done in 282ms @ http://localhost:3000/_next/static/chunks/node_modules_next_dist_7a8122d0._.js:2320
[ 4295983ms] [LOG] [Fast Refresh] rebuilding @ http://localhost:3000/_next/static/chunks/node_modules_next_dist_7a8122d0._.js:2320
[ 4296146ms] [LOG] [Fast Refresh] done in 263ms @ http://localhost:3000/_next/static/chunks/node_modules_next_dist_7a8122d0._.js:2320
[ 4352337ms] [LOG] [Fast Refresh] rebuilding @ http://localhost:3000/_next/static/chunks/node_modules_next_dist_7a8122d0._.js:2320
[ 4352625ms] [LOG] [Fast Refresh] done in 363ms @ http://localhost:3000/_next/static/chunks/node_modules_next_dist_7a8122d0._.js:2320
[ 4365412ms] [LOG] [Fast Refresh] rebuilding @ http://localhost:3000/_next/static/chunks/node_modules_next_dist_7a8122d0._.js:2320
[ 4365619ms] [LOG] [Fast Refresh] done in 307ms @ http://localhost:3000/_next/static/chunks/node_modules_next_dist_7a8122d0._.js:2320
[ 4394112ms] [LOG] [Fast Refresh] rebuilding @ http://localhost:3000/_next/static/chunks/node_modules_next_dist_7a8122d0._.js:2320
[ 4394428ms] [LOG] [Fast Refresh] done in 411ms @ http://localhost:3000/_next/static/chunks/node_modules_next_dist_7a8122d0._.js:2320
[ 4412152ms] [LOG] [Fast Refresh] rebuilding @ http://localhost:3000/_next/static/chunks/node_modules_next_dist_7a8122d0._.js:2320
[ 4412294ms] [LOG] [Fast Refresh] done in 244ms @ http://localhost:3000/_next/static/chunks/node_modules_next_dist_7a8122d0._.js:2320
[ 4451671ms] [LOG] [Fast Refresh] rebuilding @ http://localhost:3000/_next/static/chunks/node_modules_next_dist_7a8122d0._.js:2320
[ 4454310ms] [LOG] [Fast Refresh] done in 2708ms @ http://localhost:3000/_next/static/chunks/node_modules_next_dist_7a8122d0._.js:2320
[ 4718959ms] [ERROR] WebSocket connection to 'ws://localhost:3000/_next/webpack-hmr?id=2rCj7HvRmiKqMmyFFhA2D' failed: Error in connection establishment: net::ERR_CONNECTION_REFUSED @ http://localhost:3000/_next/static/chunks/node_modules_next_dist_client_7e53bbbd._.js:9859
[ 4719961ms] [ERROR] WebSocket connection to 'ws://localhost:3000/_next/webpack-hmr?id=2rCj7HvRmiKqMmyFFhA2D' failed: Error in connection establishment: net::ERR_CONNECTION_REFUSED @ http://localhost:3000/_next/static/chunks/node_modules_next_dist_client_7e53bbbd._.js:9859
[ 4720965ms] [ERROR] WebSocket connection to 'ws://localhost:3000/_next/webpack-hmr?id=2rCj7HvRmiKqMmyFFhA2D' failed: Error in connection establishment: net::ERR_CONNECTION_REFUSED @ http://localhost:3000/_next/static/chunks/node_modules_next_dist_client_7e53bbbd._.js:9859
[ 4721967ms] [ERROR] WebSocket connection to 'ws://localhost:3000/_next/webpack-hmr?id=2rCj7HvRmiKqMmyFFhA2D' failed: Error in connection establishment: net::ERR_CONNECTION_REFUSED @ http://localhost:3000/_next/static/chunks/node_modules_next_dist_client_7e53bbbd._.js:9859
[ 4722970ms] [ERROR] WebSocket connection to 'ws://localhost:3000/_next/webpack-hmr?id=2rCj7HvRmiKqMmyFFhA2D' failed: Error in connection establishment: net::ERR_CONNECTION_REFUSED @ http://localhost:3000/_next/static/chunks/node_modules_next_dist_client_7e53bbbd._.js:9859
[ 4727975ms] [ERROR] WebSocket connection to 'ws://localhost:3000/_next/webpack-hmr?id=2rCj7HvRmiKqMmyFFhA2D' failed: Error in connection establishment: net::ERR_CONNECTION_REFUSED @ http://localhost:3000/_next/static/chunks/node_modules_next_dist_client_7e53bbbd._.js:9859
[ 4732987ms] [ERROR] WebSocket connection to 'ws://localhost:3000/_next/webpack-hmr?id=2rCj7HvRmiKqMmyFFhA2D' failed: Error in connection establishment: net::ERR_CONNECTION_REFUSED @ http://localhost:3000/_next/static/chunks/node_modules_next_dist_client_7e53bbbd._.js:9859
[ 4737999ms] [ERROR] WebSocket connection to 'ws://localhost:3000/_next/webpack-hmr?id=2rCj7HvRmiKqMmyFFhA2D' failed: Error in connection establishment: net::ERR_CONNECTION_REFUSED @ http://localhost:3000/_next/static/chunks/node_modules_next_dist_client_7e53bbbd._.js:9859
[ 4743018ms] [ERROR] WebSocket connection to 'ws://localhost:3000/_next/webpack-hmr?id=2rCj7HvRmiKqMmyFFhA2D' failed: Error in connection establishment: net::ERR_CONNECTION_REFUSED @ http://localhost:3000/_next/static/chunks/node_modules_next_dist_client_7e53bbbd._.js:9859
[ 4748057ms] [LOG] [HMR] connected @ http://localhost:3000/_next/static/chunks/node_modules_next_dist_7a8122d0._.js:2320
[ 4752920ms] [INFO] %cDownload the React DevTools for a better development experience: https://react.dev/link/react-devtools font-weight:bold @ http://localhost:3000/_next/static/chunks/node_modules_next_dist_7a8122d0._.js:2320
[ 4752961ms] [LOG] [HMR] connected @ http://localhost:3000/_next/static/chunks/node_modules_next_dist_7a8122d0._.js:2320
[ 4753176ms] [LOG] [Fast Refresh] rebuilding @ http://localhost:3000/_next/static/chunks/node_modules_next_dist_7a8122d0._.js:2320
[ 4753186ms] [LOG] [Fast Refresh] done in 198ms @ http://localhost:3000/_next/static/chunks/node_modules_next_dist_7a8122d0._.js:2320
